<?xml version="1.0" encoding="UTF-8"?>
<!-- Generated by org.testng.reporters.JUnitXMLReporter -->
<testsuite ignored="4" hostname="LAPTOP-A15NSODN" failures="0" tests="3" name="TestRunner-2" time="23.698" errors="0" timestamp="2023-09-20T11:05:34 IST">
  <testcase classname="com.testng.Sample1Test" name="sample1" time="0.0">
    <skipped/>
  </testcase> <!-- sample1 -->
  <testcase classname="com.testng.SampleTest" name="sample" time="0.0">
    <skipped/>
  </testcase> <!-- sample -->
  <testcase classname="com.testng.DemoTest" name="demo" time="0.0">
    <skipped/>
  </testcase> <!-- demo -->
  <testcase classname="com.sms.genericUtils.BaseClass" name="@BeforeSuite configBS" time="0.0">
    <ignored/>
  </testcase> <!-- @BeforeSuite configBS -->
  <testcase classname="com.sms.genericUtils.BaseClass" name="@BeforeSuite configBS" time="0.0">
    <ignored/>
  </testcase> <!-- @BeforeSuite configBS -->
  <testcase classname="com.sms.genericUtils.BaseClass" name="@AfterSuite configAS" time="0.0">
    <ignored/>
  </testcase> <!-- @AfterSuite configAS -->
  <testcase classname="com.sms.genericUtils.BaseClass" name="@AfterSuite configAS" time="0.0">
    <ignored/>
  </testcase> <!-- @AfterSuite configAS -->
</testsuite> <!-- TestRunner-2 -->
